<?xml version="1.0" encoding="UTF-8"?>
<!-- Generated by org.testng.reporters.JUnitReportReporter -->
<testsuite ignored="0" hostname="Mahams-MacBook-Air.local" failures="0" tests="1" name="testcasesNG.VerifyAccountsModule" time="7.257" errors="0" timestamp="05 May 2021 02:05:02 GMT" skipped="0">
  <testcase classname="testcasesNG.VerifyAccountsModule" name="VerifyCreatAccount" time="7.257"/>
</testsuite> <!-- testcasesNG.VerifyAccountsModule -->
