<?xml version="1.0" encoding="UTF-8"?>
<!-- Generated by org.testng.reporters.JUnitReportReporter -->
<testsuite ignored="25" hostname="Mahams-MacBook-Air.local" failures="0" tests="5" name="testcasesNG.Opportunities_TeseCases" time="182.558" errors="0" timestamp="24 May 2021 01:48:57 GMT" skipped="0">
  <testcase classname="testcasesNG.Opportunities_TeseCases" name="StuckOppoReportLink" time="32.039"/>
  <testcase classname="testcasesNG.Opportunities_TeseCases" name="OpportunitiesLink" time="33.602"/>
  <testcase classname="testcasesNG.Opportunities_TeseCases" name="OppoetunityPipelineReport" time="31.679"/>
  <testcase classname="testcasesNG.Opportunities_TeseCases" name="CreateNewOppo" time="48.407"/>
  <testcase classname="testcasesNG.Opportunities_TeseCases" name="QuarterlySummaryReport" time="36.831"/>
  <testcase classname="testcasesNG.UserAccount_TestCases" name="AccountReport">
    <skipped/>
  </testcase> <!-- AccountReport -->
  <testcase classname="testcasesNG.UserAccount_TestCases" name="MergeAccount">
    <skipped/>
  </testcase> <!-- MergeAccount -->
  <testcase classname="testcasesNG.UserAccount_TestCases" name="CreatNewView">
    <skipped/>
  </testcase> <!-- CreatNewView -->
  <testcase classname="testcasesNG.UserAccount_TestCases" name="CreatAccount">
    <skipped/>
  </testcase> <!-- CreatAccount -->
  <testcase classname="testcasesNG.UserMenu_TestCasses" name="MySettings_04">
    <skipped/>
  </testcase> <!-- MySettings_04 -->
  <testcase classname="testcasesNG.UserMenu_TestCasses" name="MySettings_03">
    <skipped/>
  </testcase> <!-- MySettings_03 -->
  <testcase classname="testcasesNG.UserMenu_TestCasses" name="MySettings_02">
    <skipped/>
  </testcase> <!-- MySettings_02 -->
  <testcase classname="testcasesNG.UserMenu_TestCasses" name="MySettings_01">
    <skipped/>
  </testcase> <!-- MySettings_01 -->
  <testcase classname="testcasesNG.UserMenu_TestCasses" name="Logout">
    <skipped/>
  </testcase> <!-- Logout -->
  <testcase classname="testcasesNG.UserMenu_TestCasses" name="MyProfile_03">
    <skipped/>
  </testcase> <!-- MyProfile_03 -->
  <testcase classname="testcasesNG.UserMenu_TestCasses" name="SelectUserMenu">
    <skipped/>
  </testcase> <!-- SelectUserMenu -->
  <testcase classname="testcasesNG.UserMenu_TestCasses" name="MyProfile_02">
    <skipped/>
  </testcase> <!-- MyProfile_02 -->
  <testcase classname="testcasesNG.UserMenu_TestCasses" name="MyProfile_01">
    <skipped/>
  </testcase> <!-- MyProfile_01 -->
  <testcase classname="testcasesNG.UserMenu_TestCasses" name="DeveloperConsole">
    <skipped/>
  </testcase> <!-- DeveloperConsole -->
  <testcase classname="base.BaseTest" name="Setup">
    <skipped/>
  </testcase> <!-- Setup -->
  <testcase classname="base.BaseTest" name="Setup">
    <skipped/>
  </testcase> <!-- Setup -->
  <testcase classname="base.BaseTest" name="Setup">
    <skipped/>
  </testcase> <!-- Setup -->
  <testcase classname="base.BaseTest" name="tearDown">
    <skipped/>
  </testcase> <!-- tearDown -->
  <testcase classname="base.BaseTest" name="tearDown">
    <skipped/>
  </testcase> <!-- tearDown -->
  <testcase classname="base.BaseTest" name="tearDown">
    <skipped/>
  </testcase> <!-- tearDown -->
  <testcase classname="testcasesNG.Login_TestCases" name="VerifyLoginErrorMsg01">
    <skipped/>
  </testcase> <!-- VerifyLoginErrorMsg01 -->
  <testcase classname="testcasesNG.Login_TestCases" name="VerifyLoginErrorMsg02">
    <skipped/>
  </testcase> <!-- VerifyLoginErrorMsg02 -->
  <testcase classname="testcasesNG.Login_TestCases" name="ForgetPassword_A">
    <skipped/>
  </testcase> <!-- ForgetPassword_A -->
  <testcase classname="testcasesNG.Login_TestCases" name="RememberMe">
    <skipped/>
  </testcase> <!-- RememberMe -->
  <testcase classname="testcasesNG.Login_TestCases" name="ForgetPassword_B">
    <skipped/>
  </testcase> <!-- ForgetPassword_B -->
</testsuite> <!-- testcasesNG.Opportunities_TeseCases -->
